<?xml version="1.0" encoding="UTF-8"?>
<!-- Generated by org.testng.reporters.JUnitReportReporter -->
<testsuite ignored="0" hostname="WS-02636159" failures="0" tests="1" name="tests.TestsForRun" time="1.801" errors="0" timestamp="09 Jul 2023 13:58:28 GMT" skipped="0">
  <testcase classname="tests.TestsForRun" name="testBox" time="1.801"/>
</testsuite> <!-- tests.TestsForRun -->
