<?xml version="1.0" encoding="UTF-8"?>
<!-- Generated by org.testng.reporters.JUnitReportReporter -->
<testsuite ignored="0" hostname="WS-02636159" failures="0" tests="1" name="tests.TestsForRun" time="2.494" errors="0" timestamp="04 Jan 2024 16:29:37 GMT" skipped="0">
  <testcase classname="tests.TestsForRun" name="testBox" time="2.494"/>
</testsuite> <!-- tests.TestsForRun -->
