<?xml version="1.0" encoding="UTF-8"?>
<!-- Generated by org.testng.reporters.JUnitReportReporter -->
<testsuite ignored="0" hostname="WS-02636159" failures="0" tests="1" name="tests.TestsForRun" time="2.968" errors="0" timestamp="10 Jul 2023 06:24:17 GMT" skipped="0">
  <testcase classname="tests.TestsForRun" name="testBox" time="2.968"/>
</testsuite> <!-- tests.TestsForRun -->
